# JRE version: Java(TM) SE Runtime Environment (17.0.5+9) (build 17.0.5+9-LTS-191)
# Java VM: Java HotSpot(TM) 64-Bit Server VM (17.0.5+9-LTS-191, mixed mode, sharing, tiered, compressed oops, compressed class ptrs, g1 gc, windows-amd64)
GC Precious Log:
 CPUs: 8 total, 8 available
 Memory: 16129M
 Large Page Support: Disabled
 NUMA Support: Disabled
 Compressed Oops: Enabled (Zero based)
 Heap Region Size: 2M
 Heap Min Capacity: 8M
 Heap Initial Capacity: 254M
 Heap Max Capacity: 4034M
 Pre-touch: Disabled
 Parallel Workers: 8
 Concurrent Workers: 2
 Concurrent Refinement Workers: 8
 Periodic GC: Disabled
Heap:
 garbage-first heap   total 102400K, used 51297K [0x0000000703e00000, 0x0000000800000000)
  region size 2048K, 17 young (34816K), 3 survivors (6144K)
 Metaspace       used 63725K, committed 64256K, reserved 1105920K
  class space    used 8638K, committed 8896K, reserved 1048576K
GC Heap History (20 events):
Event: 2.057 GC heap before
{Heap before GC invocations=2 (full 0):
 garbage-first heap   total 260096K, used 58101K [0x0000000703e00000, 0x0000000800000000)
  region size 2048K, 26 young (53248K), 2 survivors (4096K)
 Metaspace       used 20369K, committed 20608K, reserved 1073152K
  class space    used 2556K, committed 2688K, reserved 1048576K
}
Event: 2.061 GC heap after
{Heap after GC invocations=3 (full 0):
 garbage-first heap   total 260096K, used 12218K [0x0000000703e00000, 0x0000000800000000)
  region size 2048K, 3 young (6144K), 3 survivors (6144K)
 Metaspace       used 20369K, committed 20608K, reserved 1073152K
  class space    used 2556K, committed 2688K, reserved 1048576K
}
Event: 2.198 GC heap before
{Heap before GC invocations=3 (full 0):
 garbage-first heap   total 260096K, used 16314K [0x0000000703e00000, 0x0000000800000000)
  region size 2048K, 6 young (12288K), 3 survivors (6144K)
 Metaspace       used 21190K, committed 21504K, reserved 1073152K
  class space    used 2674K, committed 2816K, reserved 1048576K
}
Event: 2.201 GC heap after
{Heap after GC invocations=4 (full 0):
 garbage-first heap   total 260096K, used 12766K [0x0000000703e00000, 0x0000000800000000)
  region size 2048K, 3 young (6144K), 3 survivors (6144K)
 Metaspace       used 21190K, committed 21504K, reserved 1073152K
  class space    used 2674K, committed 2816K, reserved 1048576K
}
Event: 3.011 GC heap before
{Heap before GC invocations=5 (full 0):
 garbage-first heap   total 55296K, used 39390K [0x0000000703e00000, 0x0000000800000000)
  region size 2048K, 16 young (32768K), 3 survivors (6144K)
 Metaspace       used 27145K, committed 27520K, reserved 1073152K
  class space    used 3469K, committed 3648K, reserved 1048576K
}
Event: 3.020 GC heap after
{Heap after GC invocations=6 (full 0):
 garbage-first heap   total 55296K, used 15974K [0x0000000703e00000, 0x0000000800000000)
  region size 2048K, 2 young (4096K), 2 survivors (4096K)
 Metaspace       used 27145K, committed 27520K, reserved 1073152K
  class space    used 3469K, committed 3648K, reserved 1048576K
}
Event: 3.628 GC heap before
{Heap before GC invocations=6 (full 0):
 garbage-first heap   total 55296K, used 34406K [0x0000000703e00000, 0x0000000800000000)
  region size 2048K, 12 young (24576K), 2 survivors (4096K)
 Metaspace       used 31576K, committed 32000K, reserved 1081344K
  class space    used 4110K, committed 4288K, reserved 1048576K
}
Event: 3.634 GC heap after
{Heap after GC invocations=7 (full 0):
 garbage-first heap   total 55296K, used 17398K [0x0000000703e00000, 0x0000000800000000)
  region size 2048K, 1 young (2048K), 1 survivors (2048K)
 Metaspace       used 31576K, committed 32000K, reserved 1081344K
  class space    used 4110K, committed 4288K, reserved 1048576K
}
Event: 3.967 GC heap before
{Heap before GC invocations=7 (full 0):
 garbage-first heap   total 55296K, used 29686K [0x0000000703e00000, 0x0000000800000000)
  region size 2048K, 8 young (16384K), 1 survivors (2048K)
 Metaspace       used 35721K, committed 36096K, reserved 1081344K
  class space    used 4666K, committed 4864K, reserved 1048576K
}
Event: 3.969 GC heap after
{Heap after GC invocations=8 (full 0):
 garbage-first heap   total 55296K, used 18015K [0x0000000703e00000, 0x0000000800000000)
  region size 2048K, 2 young (4096K), 2 survivors (4096K)
 Metaspace       used 35721K, committed 36096K, reserved 1081344K
  class space    used 4666K, committed 4864K, reserved 1048576K
}
Event: 4.507 GC heap before
{Heap before GC invocations=9 (full 0):
 garbage-first heap   total 55296K, used 36447K [0x0000000703e00000, 0x0000000800000000)
  region size 2048K, 11 young (22528K), 2 survivors (4096K)
 Metaspace       used 43781K, committed 44224K, reserved 1089536K
  class space    used 5710K, committed 5888K, reserved 1048576K
}
Event: 4.510 GC heap after
{Heap after GC invocations=10 (full 0):
 garbage-first heap   total 55296K, used 19777K [0x0000000703e00000, 0x0000000800000000)
  region size 2048K, 2 young (4096K), 2 survivors (4096K)
 Metaspace       used 43781K, committed 44224K, reserved 1089536K
  class space    used 5710K, committed 5888K, reserved 1048576K
}
Event: 4.938 GC heap before
{Heap before GC invocations=10 (full 0):
 garbage-first heap   total 55296K, used 36161K [0x0000000703e00000, 0x0000000800000000)
  region size 2048K, 11 young (22528K), 2 survivors (4096K)
 Metaspace       used 49390K, committed 49792K, reserved 1097728K
  class space    used 6490K, committed 6656K, reserved 1048576K
}
Event: 4.942 GC heap after
{Heap after GC invocations=11 (full 0):
 garbage-first heap   total 55296K, used 20777K [0x0000000703e00000, 0x0000000800000000)
  region size 2048K, 2 young (4096K), 2 survivors (4096K)
 Metaspace       used 49390K, committed 49792K, reserved 1097728K
  class space    used 6490K, committed 6656K, reserved 1048576K
}
Event: 5.229 GC heap before
{Heap before GC invocations=11 (full 0):
 garbage-first heap   total 55296K, used 37161K [0x0000000703e00000, 0x0000000800000000)
  region size 2048K, 11 young (22528K), 2 survivors (4096K)
 Metaspace       used 53468K, committed 53952K, reserved 1097728K
  class space    used 7209K, committed 7424K, reserved 1048576K
}
Event: 5.232 GC heap after
{Heap after GC invocations=12 (full 0):
 garbage-first heap   total 55296K, used 21955K [0x0000000703e00000, 0x0000000800000000)
  region size 2048K, 2 young (4096K), 2 survivors (4096K)
 Metaspace       used 53468K, committed 53952K, reserved 1097728K
  class space    used 7209K, committed 7424K, reserved 1048576K
}
Event: 5.859 GC heap before
{Heap before GC invocations=12 (full 0):
 garbage-first heap   total 55296K, used 38339K [0x0000000703e00000, 0x0000000800000000)
  region size 2048K, 10 young (20480K), 2 survivors (4096K)
 Metaspace       used 57482K, committed 57984K, reserved 1105920K
  class space    used 7730K, committed 7936K, reserved 1048576K
}
Event: 5.861 GC heap after
{Heap after GC invocations=13 (full 0):
 garbage-first heap   total 157696K, used 22852K [0x0000000703e00000, 0x0000000800000000)
  region size 2048K, 2 young (4096K), 2 survivors (4096K)
 Metaspace       used 57482K, committed 57984K, reserved 1105920K
  class space    used 7730K, committed 7936K, reserved 1048576K
}
Event: 6.460 GC heap before
{Heap before GC invocations=13 (full 0):
 garbage-first heap   total 157696K, used 43332K [0x0000000703e00000, 0x0000000800000000)
  region size 2048K, 13 young (26624K), 2 survivors (4096K)
 Metaspace       used 59983K, committed 60416K, reserved 1105920K
  class space    used 8111K, committed 8320K, reserved 1048576K
}
Event: 6.466 GC heap after
{Heap after GC invocations=14 (full 0):
 garbage-first heap   total 157696K, used 24673K [0x0000000703e00000, 0x0000000800000000)
  region size 2048K, 3 young (6144K), 3 survivors (6144K)
 Metaspace       used 59983K, committed 60416K, reserved 1105920K
  class space    used 8111K, committed 8320K, reserved 1048576K
}

